[2024-08-08T06:54:10.449Z [32minfo[39m: Function getProducts started]
[2024-08-08T06:54:10.456Z [32minfo[39m: Function getFeedbackByProductId started]
[2024-08-08T06:54:10.458Z [32minfo[39m: Function avgRating started]
[2024-08-08T06:54:10.458Z [32minfo[39m: Function getFeedbackByProductId started]
[2024-08-08T07:01:28.477Z [32minfo[39m: Function getProducts started]
[2024-08-08T07:01:28.484Z [32minfo[39m: Function getFeedbackByProductName started]
[2024-08-08T07:01:28.486Z [32minfo[39m: Function avgRating started]
[2024-08-08T07:01:28.486Z [32minfo[39m: Function getFeedbackByProductName started]
[2024-08-08T07:02:05.162Z [32minfo[39m: Function getProducts started]
[2024-08-08T07:02:05.176Z [32minfo[39m: Function getFeedbackByProductName started]
[2024-08-08T07:02:05.181Z [32minfo[39m: Function avgRating started]
[2024-08-08T07:02:05.181Z [32minfo[39m: Function getFeedbackByProductName started]
[2024-08-08T08:53:09.762Z [32minfo[39m: Function getProducts started]
[2024-08-08T08:53:09.771Z [32minfo[39m: Function getFeedbackByProductName started]
[2024-08-08T08:53:09.772Z [32minfo[39m: Function avgRating started]
[2024-08-08T08:53:09.772Z [32minfo[39m: Function getFeedbackByProductName started]
[2024-08-08T08:55:57.709Z [32minfo[39m: Function getProducts started]
[2024-08-08T08:55:57.716Z [32minfo[39m: Function getFeedbackByProductName started]
[2024-08-08T08:55:57.718Z [32minfo[39m: Function avgRating started]
[2024-08-08T08:55:57.718Z [32minfo[39m: Function getFeedbackByProductName started]
[2024-08-08T08:55:57.719Z [32minfo[39m: Function addFeedback started]
[2024-08-08T08:55:57.719Z [32minfo[39m: Function addFeedback Completed]
[2024-08-08T08:55:57.719Z [32minfo[39m: Function addFeedback started]
[2024-08-08T08:55:57.719Z [32minfo[39m: Function addFeedback Completed]
[2024-08-08T08:55:57.720Z [32minfo[39m: Function getFeedbackByProductName started]
[2024-08-08T08:55:57.721Z [32minfo[39m: Function avgRating started]
[2024-08-08T08:55:57.721Z [32minfo[39m: Function getFeedbackByProductName started]
